<?xml version="1.0" encoding="UTF-8"?>
<!-- Generated by org.testng.reporters.JUnitXMLReporter -->
<testsuite ignored="0" hostname="DESKTOP-NRMVJQE" failures="1" tests="1" name="test case" time="0.053" errors="0" timestamp="2022-08-03T11:06:32 IST">
  <testcase classname="TestNGsample.parameter" name="printname" time="0.0">
    <failure type="org.testng.TestNGException" message="
Parameter &amp;apos;Name&amp;apos; is required by @Test on method printname but has not been marked @Optional or defined
in C:\Users\RAMKUMAR\eclipse-workspace\TestNG\src\TestNGsample\parameter.xml">
      <![CDATA[org.testng.TestNGException: 
Parameter 'Name' is required by @Test on method printname but has not been marked @Optional or defined
in C:\Users\RAMKUMAR\eclipse-workspace\TestNG\src\TestNGsample\parameter.xml
at java.base/java.util.ArrayList.forEach(ArrayList.java:1511)
... Removed 26 stack frames]]>
    </failure>
  </testcase> <!-- printname -->
</testsuite> <!-- test case -->
